<?xml version="1.0" encoding="UTF-8"?>
<testng-results ignored="0" total="2" passed="2" failed="0" skipped="0">
  <reporter-output>
  </reporter-output>
  <suite started-at="2024-02-29T11:04:11 IST" name="Suite" finished-at="2024-02-29T11:04:27 IST" duration-ms="15983">
    <groups>
    </groups>
    <test started-at="2024-02-29T11:04:11 IST" name="Test1" finished-at="2024-02-29T11:04:18 IST" duration-ms="7114">
      <class name="testNgMethod.CrossBrowserTesting">
        <test-method signature="launch(java.lang.String)[pri:0, instance:testNgMethod.CrossBrowserTesting@48974e45]" started-at="2024-02-29T11:04:11 IST" name="launch" finished-at="2024-02-29T11:04:18 IST" duration-ms="7057" status="PASS">
          <params>
            <param index="0">
              <value>
                <![CDATA[chrome]]>
              </value>
            </param>
          </params>
          <reporter-output>
          </reporter-output>
        </test-method> <!-- launch -->
      </class> <!-- testNgMethod.CrossBrowserTesting -->
    </test> <!-- Test1 -->
    <test started-at="2024-02-29T11:04:18 IST" name="Test2" finished-at="2024-02-29T11:04:27 IST" duration-ms="8832">
      <class name="testNgMethod.CrossBrowserTesting">
        <test-method signature="launch(java.lang.String)[pri:0, instance:testNgMethod.CrossBrowserTesting@4fb3ee4e]" started-at="2024-02-29T11:04:18 IST" name="launch" finished-at="2024-02-29T11:04:27 IST" duration-ms="8828" status="PASS">
          <params>
            <param index="0">
              <value>
                <![CDATA[firefox]]>
              </value>
            </param>
          </params>
          <reporter-output>
          </reporter-output>
        </test-method> <!-- launch -->
      </class> <!-- testNgMethod.CrossBrowserTesting -->
    </test> <!-- Test2 -->
  </suite> <!-- Suite -->
</testng-results>
