<?xml version="1.0" encoding="UTF-8"?>
<!-- Generated by org.testng.reporters.JUnitXMLReporter -->
<testsuite ignored="0" hostname="DESKTOP-8PDR25K" failures="0" tests="10" name="Test" time="120.05" errors="0" timestamp="2024-02-12T15:10:54 IST">
  <testcase classname="batchExceution.LaunchPurple" name="purple" time="60.827"/>
  <testcase classname="batchExceution.LaunchSwiggy" name="swiggy" time="62.347"/>
  <testcase classname="batchExceution.LaunchSugar" name="sugar" time="68.136"/>
  <testcase classname="batchExceution.LaunchMeeso" name="meeso" time="70.569"/>
  <testcase classname="batchExceution.LaunchPizza" name="pizza" time="84.15"/>
  <testcase classname="batchExceution.LaunchMaybellin" name="maybellin" time="22.316"/>
  <testcase classname="batchExceution.LaunchDemoWeb" name="demoWebShop" time="34.506"/>
  <testcase classname="batchExceution.LaunchLoreal" name="loreal" time="46.878"/>
  <testcase classname="batchExceution.LaunchZomato" name="zomato" time="38.686"/>
  <testcase classname="batchExceution.LaunchLakme" name="lakme" time="35.707"/>
</testsuite> <!-- Test -->
